/home/jaegon/jaybot_ws/install/jaybot_pkg/lib/python3.10/site-packages/jaybot_pkg/__init__.py
/home/jaegon/jaybot_ws/install/jaybot_pkg/lib/python3.10/site-packages/jaybot_pkg/camera/__init__.py
/home/jaegon/jaybot_ws/install/jaybot_pkg/lib/python3.10/site-packages/jaybot_pkg/camera/camera_node.py
/home/jaegon/jaybot_ws/install/jaybot_pkg/lib/python3.10/site-packages/jaybot_pkg/steering/__init__.py
/home/jaegon/jaybot_ws/install/jaybot_pkg/lib/python3.10/site-packages/jaybot_pkg/steering/ackermann_node.py
/home/jaegon/jaybot_ws/install/jaybot_pkg/lib/python3.10/site-packages/jaybot_pkg/hardware/__init__.py
/home/jaegon/jaybot_ws/install/jaybot_pkg/lib/python3.10/site-packages/jaybot_pkg/hardware/hardware_interface_node.py
/home/jaegon/jaybot_ws/install/jaybot_pkg/lib/python3.10/site-packages/jaybot_pkg/sonar/__init__.py
/home/jaegon/jaybot_ws/install/jaybot_pkg/lib/python3.10/site-packages/jaybot_pkg/sonar/sonar_node.py
/home/jaegon/jaybot_ws/install/jaybot_pkg/lib/python3.10/site-packages/jaybot_pkg/encoders/encoder_node.py
/home/jaegon/jaybot_ws/install/jaybot_pkg/lib/python3.10/site-packages/jaybot_pkg/encoders/__init__.py
/home/jaegon/jaybot_ws/install/jaybot_pkg/lib/python3.10/site-packages/jaybot_pkg/__pycache__/__init__.cpython-310.pyc
/home/jaegon/jaybot_ws/install/jaybot_pkg/lib/python3.10/site-packages/jaybot_pkg/camera/__pycache__/__init__.cpython-310.pyc
/home/jaegon/jaybot_ws/install/jaybot_pkg/lib/python3.10/site-packages/jaybot_pkg/camera/__pycache__/camera_node.cpython-310.pyc
/home/jaegon/jaybot_ws/install/jaybot_pkg/lib/python3.10/site-packages/jaybot_pkg/steering/__pycache__/__init__.cpython-310.pyc
/home/jaegon/jaybot_ws/install/jaybot_pkg/lib/python3.10/site-packages/jaybot_pkg/steering/__pycache__/ackermann_node.cpython-310.pyc
/home/jaegon/jaybot_ws/install/jaybot_pkg/lib/python3.10/site-packages/jaybot_pkg/hardware/__pycache__/__init__.cpython-310.pyc
/home/jaegon/jaybot_ws/install/jaybot_pkg/lib/python3.10/site-packages/jaybot_pkg/hardware/__pycache__/hardware_interface_node.cpython-310.pyc
/home/jaegon/jaybot_ws/install/jaybot_pkg/lib/python3.10/site-packages/jaybot_pkg/sonar/__pycache__/__init__.cpython-310.pyc
/home/jaegon/jaybot_ws/install/jaybot_pkg/lib/python3.10/site-packages/jaybot_pkg/sonar/__pycache__/sonar_node.cpython-310.pyc
/home/jaegon/jaybot_ws/install/jaybot_pkg/lib/python3.10/site-packages/jaybot_pkg/encoders/__pycache__/encoder_node.cpython-310.pyc
/home/jaegon/jaybot_ws/install/jaybot_pkg/lib/python3.10/site-packages/jaybot_pkg/encoders/__pycache__/__init__.cpython-310.pyc
/home/jaegon/jaybot_ws/install/jaybot_pkg/share/ament_index/resource_index/packages/jaybot_pkg
/home/jaegon/jaybot_ws/install/jaybot_pkg/share/jaybot_pkg/package.xml
/home/jaegon/jaybot_ws/install/jaybot_pkg/lib/python3.10/site-packages/jaybot_pkg-0.0.0-py3.10.egg-info/zip-safe
/home/jaegon/jaybot_ws/install/jaybot_pkg/lib/python3.10/site-packages/jaybot_pkg-0.0.0-py3.10.egg-info/PKG-INFO
/home/jaegon/jaybot_ws/install/jaybot_pkg/lib/python3.10/site-packages/jaybot_pkg-0.0.0-py3.10.egg-info/top_level.txt
/home/jaegon/jaybot_ws/install/jaybot_pkg/lib/python3.10/site-packages/jaybot_pkg-0.0.0-py3.10.egg-info/requires.txt
/home/jaegon/jaybot_ws/install/jaybot_pkg/lib/python3.10/site-packages/jaybot_pkg-0.0.0-py3.10.egg-info/entry_points.txt
/home/jaegon/jaybot_ws/install/jaybot_pkg/lib/python3.10/site-packages/jaybot_pkg-0.0.0-py3.10.egg-info/dependency_links.txt
/home/jaegon/jaybot_ws/install/jaybot_pkg/lib/python3.10/site-packages/jaybot_pkg-0.0.0-py3.10.egg-info/SOURCES.txt
/home/jaegon/jaybot_ws/install/jaybot_pkg/lib/jaybot_pkg/ackermann_node
/home/jaegon/jaybot_ws/install/jaybot_pkg/lib/jaybot_pkg/camera_node
/home/jaegon/jaybot_ws/install/jaybot_pkg/lib/jaybot_pkg/encoder_node
/home/jaegon/jaybot_ws/install/jaybot_pkg/lib/jaybot_pkg/hardware_interface_node
/home/jaegon/jaybot_ws/install/jaybot_pkg/lib/jaybot_pkg/sonar_node
